#
# A fatal error has been detected by the Java Runtime Environment:
#
#  SIGSEGV (0xb) at pc=0x0000000126ac4cdd, pid=1427, tid=0x000000000000c407
#
# JRE version: Java(TM) SE Runtime Environment (8.0_92-b14) (build 1.8.0_92-b14)
# Java VM: Java HotSpot(TM) 64-Bit Server VM (25.92-b14 mixed mode bsd-amd64 compressed oops)
# Problematic frame:
# C  [libawt_lwawt.dylib+0x1acdd]  OGLSD_SetScratchSurface+0x49
#
# Failed to write core dump. Core dumps have been disabled. To enable core dumping, try "ulimit -c unlimited" before starting Java again
#
# If you would like to submit a bug report, please visit:
#   http://bugreport.java.com/bugreport/crash.jsp
# The crash happened outside the Java Virtual Machine in native code.
# See problematic frame for where to report the bug.
#

---------------  T H R E A D  ---------------

Current thread (0x00007f953a18e000):  JavaThread "Java2D Queue Flusher" daemon [_thread_in_native, id=50183, stack(0x0000700001359000,0x0000700001459000)]

siginfo: si_signo: 11 (SIGSEGV), si_code: 1 (SEGV_MAPERR), si_addr: 0x0000000000000002

Registers:
RAX=0x0000000126ae52fa, RBX=0x0000000000000002, RCX=0x0000000000000047, RDX=0x0000000126ae5844
RSP=0x00007000014587a0, RBP=0x00007000014587c0, RSI=0x00007f9539ef0940, RDI=0x00007f953a18e1f8
R8 =0x0000000000000260, R9 =0x00007f9539c76840, R10=0x000000010fd06178, R11=0x0000000000000001
R12=0x0000000000000000, R13=0x00000007413d4ae0, R14=0x00007f953a18e1f8, R15=0x00007f953a18e000
RIP=0x0000000126ac4cdd, EFLAGS=0x0000000000010202, ERR=0x0000000000000004
  TRAPNO=0x000000000000000e

Top of Stack: (sp=0x00007000014587a0)
0x00007000014587a0:   00007f9539ef0940 0000000000000000
0x00007000014587b0:   00007f953a196010 00007f953a18e000
0x00007000014587c0:   0000700001458840 0000000126ae5322
0x00007000014587d0:   0000000001458908 00000001328fda30
0x00007000014587e0:   0000000000000000 00000007413d4ae0
0x00007000014587f0:   0000700001458810 0000000000000064
0x0000700001458800:   00007f953b00e158 00007f953a196020
0x0000700001458810:   00007f950018e000 00007f953a18e1f8
0x0000700001458820:   00000001328fda30 0000000000000000
0x0000700001458830:   0000700001458908 00007f953a18e000
0x0000700001458840:   0000700001458890 000000010fd061ea
0x0000700001458850:   000000074140dd88 000000010eb4e7b0
0x0000700001458860:   0000000000000005 00007f953a18e000
0x0000700001458870:   00000007413d4a01 00007f9539c76f10
0x0000700001458880:   0000700001458800 00007f953a18e000
0x0000700001458890:   00000007413d4ae0 000000010fd0417c
0x00007000014588a0:   0000700001458908 00007f953a18e000
0x00007000014588b0:   0000700001458900 000000010faaece8
0x00007000014588c0:   00000007413d4ae0 0000700001458908
0x00007000014588d0:   000000012b7e2e20 0000000000000000
0x00007000014588e0:   000000012b7e2db0 0000000000000000
0x00007000014588f0:   000000074140dd88 00000007413d4ae0
0x0000700001458900:   00000007413d4ae0 000000010fe83c30
0x0000700001458910:   0000000100000000 0000000000000000
0x0000700001458920:   00000007413d4ae0 0000000000000000
0x0000700001458930:   0000700001458960 00007000014589d0
0x0000700001458940:   0000000000000001 0000000000000000
0x0000700001458950:   00007000014589d0 000000010f7977a7
0x0000700001458960:   00000007413d4ae0 00000007413d4ae0
0x0000700001458970:   0000700000001fa0 000000000000000a
0x0000700001458980:   00007f953a18e000 0000000000000001
0x0000700001458990:   000000010f79771f 0000000123ac9680 

Instructions: (pc=0x0000000126ac4cdd)
0x0000000126ac4cbd:   c0 e9 82 00 00 00 48 8b 5e 10 48 85 db 75 0e bf
0x0000000126ac4ccd:   01 00 00 00 48 8d 15 ef 76 03 00 eb d6 49 89 fe
0x0000000126ac4cdd:   4c 8b 3b 30 c0 e8 83 a3 02 00 49 8b 3f 49 89 c4
0x0000000126ac4ced:   48 8b 35 34 f9 05 00 30 c0 e8 a7 a4 02 00 48 85 

Register to memory mapping:

RAX=0x0000000126ae52fa: Java_sun_java2d_opengl_OGLRenderQueue_flushBuffer+0x612 in /Library/Java/JavaVirtualMachines/jdk1.8.0_92.jdk/Contents/Home/jre/lib/libawt_lwawt.dylib at 0x0000000126aaa000
RBX=0x0000000000000002 is an unknown value
RCX=0x0000000000000047 is an unknown value
RDX=0x0000000126ae5844: Java_sun_java2d_opengl_OGLRenderQueue_flushBuffer+0xb5c in /Library/Java/JavaVirtualMachines/jdk1.8.0_92.jdk/Contents/Home/jre/lib/libawt_lwawt.dylib at 0x0000000126aaa000
RSP=0x00007000014587a0 is pointing into the stack for thread: 0x00007f953a18e000
RBP=0x00007000014587c0 is pointing into the stack for thread: 0x00007f953a18e000
RSI=0x00007f9539ef0940 is an unknown value
RDI=0x00007f953a18e1f8 is an unknown value
R8 =0x0000000000000260 is an unknown value
R9 =0x00007f9539c76840 is an unknown value
R10=0x000000010fd06178 is at entry_point+56 in (nmethod*)0x000000010fd05fd0
R11=0x0000000000000001 is an unknown value
R12=0x0000000000000000 is an unknown value
R13=0x00000007413d4ae0 is an oop
sun.java2d.opengl.OGLRenderQueue$QueueFlusher 
 - klass: 'sun/java2d/opengl/OGLRenderQueue$QueueFlusher'
R14=0x00007f953a18e1f8 is an unknown value
R15=0x00007f953a18e000 is a thread


Stack: [0x0000700001359000,0x0000700001459000],  sp=0x00007000014587a0,  free space=1021k
Native frames: (J=compiled Java code, j=interpreted, Vv=VM code, C=native code)
C  [libawt_lwawt.dylib+0x1acdd]  OGLSD_SetScratchSurface+0x49
C  [libawt_lwawt.dylib+0x3b322]  Java_sun_java2d_opengl_OGLRenderQueue_flushBuffer+0x63a
J 1786  sun.java2d.opengl.OGLRenderQueue.flushBuffer(JI)V (0 bytes) @ 0x000000010fd061ea [0x000000010fd06140+0xaa]
J 1782 C1 sun.java2d.opengl.OGLRenderQueue.flushBuffer()V (41 bytes) @ 0x000000010fd0417c [0x000000010fd03f20+0x25c]
J 2202% C2 sun.java2d.opengl.OGLRenderQueue$QueueFlusher.run()V (234 bytes) @ 0x000000010fe83c30 [0x000000010fe83940+0x2f0]
v  ~StubRoutines::call_stub
V  [libjvm.dylib+0x2ecc9a]
V  [libjvm.dylib+0x2ed428]
V  [libjvm.dylib+0x2ed5d4]
V  [libjvm.dylib+0x347dbd]
V  [libjvm.dylib+0x564c57]
V  [libjvm.dylib+0x566344]
V  [libjvm.dylib+0x485bbe]
C  [libsystem_pthread.dylib+0x399d]  _pthread_body+0x83
C  [libsystem_pthread.dylib+0x391a]  _pthread_body+0x0
C  [libsystem_pthread.dylib+0x1351]  thread_start+0xd
C  0x0000000000000000

Java frames: (J=compiled Java code, j=interpreted, Vv=VM code)
J 1786  sun.java2d.opengl.OGLRenderQueue.flushBuffer(JI)V (0 bytes) @ 0x000000010fd06178 [0x000000010fd06140+0x38]
J 1782 C1 sun.java2d.opengl.OGLRenderQueue.flushBuffer()V (41 bytes) @ 0x000000010fd0417c [0x000000010fd03f20+0x25c]
J 2202% C2 sun.java2d.opengl.OGLRenderQueue$QueueFlusher.run()V (234 bytes) @ 0x000000010fe83c30 [0x000000010fe83940+0x2f0]
v  ~StubRoutines::call_stub

---------------  P R O C E S S  ---------------

Java Threads: ( => current thread )
  0x00007f953a06f800 JavaThread "Thread-14" [_thread_in_native, id=59575, stack(0x0000700000fc7000,0x00007000010c7000)]
  0x00007f953a46a800 JavaThread "TimerQueue" daemon [_thread_blocked, id=33811, stack(0x0000700001765000,0x0000700001865000)]
  0x00007f953b156000 JavaThread "process reaper" daemon [_thread_in_native, id=53515, stack(0x000070000155f000,0x0000700001587000)]
  0x00007f953aa5f800 JavaThread "Thread-2" [_thread_blocked, id=55811, stack(0x0000700001868000,0x0000700001968000)]
  0x00007f953a246000 JavaThread "AWT-EventQueue-0" [_thread_blocked, id=54791, stack(0x0000700001662000,0x0000700001762000)]
  0x00007f953aa41000 JavaThread "Java2D Disposer" daemon [_thread_blocked, id=52995, stack(0x000070000145c000,0x000070000155c000)]
=>0x00007f953a18e000 JavaThread "Java2D Queue Flusher" daemon [_thread_in_native, id=50183, stack(0x0000700001359000,0x0000700001459000)]
  0x00007f953b87b800 JavaThread "AWT-Shutdown" [_thread_blocked, id=29971, stack(0x00007000011d3000,0x00007000012d3000)]
  0x00007f953a17a000 JavaThread "AppKit Thread" daemon [_thread_in_native, id=2571, stack(0x00007fff517fc000,0x00007fff51ffc000)]
  0x00007f953b00e800 JavaThread "Service Thread" daemon [_thread_blocked, id=18435, stack(0x0000700000dc1000,0x0000700000ec1000)]
  0x00007f953a09a800 JavaThread "C1 CompilerThread2" daemon [_thread_blocked, id=17923, stack(0x0000700000cbe000,0x0000700000dbe000)]
  0x00007f953a092000 JavaThread "C2 CompilerThread1" daemon [_thread_blocked, id=17411, stack(0x0000700000bbb000,0x0000700000cbb000)]
  0x00007f953a05e000 JavaThread "C2 CompilerThread0" daemon [_thread_blocked, id=16899, stack(0x0000700000ab8000,0x0000700000bb8000)]
  0x00007f953a025800 JavaThread "Signal Dispatcher" daemon [_thread_blocked, id=13839, stack(0x00007000009b5000,0x0000700000ab5000)]
  0x00007f953a84b800 JavaThread "Finalizer" daemon [_thread_blocked, id=12291, stack(0x000070000082f000,0x000070000092f000)]
  0x00007f953a01d000 JavaThread "Reference Handler" daemon [_thread_blocked, id=11779, stack(0x000070000072c000,0x000070000082c000)]
  0x00007f953a008000 JavaThread "main" [_thread_blocked, id=5891, stack(0x000070000011a000,0x000070000021a000)]

Other Threads:
  0x00007f953a01a000 VMThread [stack: 0x0000700000629000,0x0000700000729000] [id=11267]
  0x00007f953a034800 WatcherThread [stack: 0x0000700000ec4000,0x0000700000fc4000] [id=18947]

VM state:not at safepoint (normal execution)

VM Mutex/Monitor currently owned by a thread: None

Heap:
 PSYoungGen      total 37376K, used 4044K [0x0000000795580000, 0x0000000799b00000, 0x00000007c0000000)
  eden space 33280K, 0% used [0x0000000795580000,0x00000007955abf40,0x0000000797600000)
  from space 4096K, 94% used [0x0000000799700000,0x0000000799ac7220,0x0000000799b00000)
  to   space 5120K, 0% used [0x0000000799100000,0x0000000799100000,0x0000000799600000)
 ParOldGen       total 87552K, used 25680K [0x0000000740000000, 0x0000000745580000, 0x0000000795580000)
  object space 87552K, 29% used [0x0000000740000000,0x00000007419140c8,0x0000000745580000)
 Metaspace       used 14639K, capacity 14906K, committed 15232K, reserved 1062912K
  class space    used 1770K, capacity 1844K, committed 1920K, reserved 1048576K

Card table byte_map: [0x000000011eb57000,0x000000011ef58000] byte_map_base: 0x000000011b157000

Marking Bits: (ParMarkBitMap*) 0x000000010f0e8bd0
 Begin Bits: [0x000000011f203000, 0x0000000121203000)
 End Bits:   [0x0000000121203000, 0x0000000123203000)

Polling page: 0x000000010dec7000

CodeCache: size=245760Kb used=7201Kb max_used=7201Kb free=238558Kb
 bounds [0x000000010f797000, 0x000000010feb7000, 0x000000011e797000]
 total_blobs=2599 nmethods=2041 adapters=470
 compilation: enabled

Compilation events (10 events):
Event: 87200.841 Thread 0x00007f953a09a800 nmethod 2252 0x000000010fea2950 code [0x000000010fea2b20, 0x000000010fea3578]
Event: 87200.858 Thread 0x00007f953a09a800 2253   !   3       sun.awt.AWTAutoShutdown::getPeer (43 bytes)
Event: 87200.858 Thread 0x00007f953a09a800 nmethod 2253 0x000000010fea3990 code [0x000000010fea3b20, 0x000000010fea4088]
Event: 87200.876 Thread 0x00007f953a09a800 2254   !   3       sun.lwawt.LWWindowPeer::getBlocker (43 bytes)
Event: 87200.876 Thread 0x00007f953a09a800 nmethod 2254 0x000000010fea42d0 code [0x000000010fea4460, 0x000000010fea4910]
Event: 87200.893 Thread 0x00007f953a09a800 2255   !   3       java.awt.Container::findComponentAt (42 bytes)
Event: 87200.897 Thread 0x00007f953a09a800 nmethod 2255 0x000000010fea4a90 code [0x000000010fea4c20, 0x000000010fea5238]
Event: 87200.928 Thread 0x00007f953a09a800 2256       3       sun.lwawt.macosx.CInputMethod::dispatchEvent (1 bytes)
Event: 87200.928 Thread 0x00007f953a09a800 nmethod 2256 0x000000010fea53d0 code [0x000000010fea5520, 0x000000010fea5670]
Event: 87201.934 Thread 0x00007f953a09a800 2258       3       javax.swing.LayoutComparator::compare (457 bytes)

GC Heap History (10 events):
Event: 1.152 GC heap before
{Heap before GC invocations=1 (full 0):
 PSYoungGen      total 38400K, used 32964K [0x0000000795580000, 0x0000000798000000, 0x00000007c0000000)
  eden space 33280K, 99% used [0x0000000795580000,0x00000007975b1188,0x0000000797600000)
  from space 5120K, 0% used [0x0000000797b00000,0x0000000797b00000,0x0000000798000000)
  to   space 5120K, 0% used [0x0000000797600000,0x0000000797600000,0x0000000797b00000)
 ParOldGen       total 87552K, used 0K [0x0000000740000000, 0x0000000745580000, 0x0000000795580000)
  object space 87552K, 0% used [0x0000000740000000,0x0000000740000000,0x0000000745580000)
 Metaspace       used 8683K, capacity 8828K, committed 9088K, reserved 1056768K
  class space    used 1037K, capacity 1091K, committed 1152K, reserved 1048576K
Event: 1.167 GC heap after
Heap after GC invocations=1 (full 0):
 PSYoungGen      total 38400K, used 1968K [0x0000000795580000, 0x000000079a080000, 0x00000007c0000000)
  eden space 33280K, 0% used [0x0000000795580000,0x0000000795580000,0x0000000797600000)
  from space 5120K, 38% used [0x0000000797600000,0x00000007977ec020,0x0000000797b00000)
  to   space 5120K, 0% used [0x0000000799b80000,0x0000000799b80000,0x000000079a080000)
 ParOldGen       total 87552K, used 30139K [0x0000000740000000, 0x0000000745580000, 0x0000000795580000)
  object space 87552K, 34% used [0x0000000740000000,0x0000000741d6ed30,0x0000000745580000)
 Metaspace       used 8683K, capacity 8828K, committed 9088K, reserved 1056768K
  class space    used 1037K, capacity 1091K, committed 1152K, reserved 1048576K
}
Event: 28.079 GC heap before
{Heap before GC invocations=2 (full 0):
 PSYoungGen      total 38400K, used 35248K [0x0000000795580000, 0x000000079a080000, 0x00000007c0000000)
  eden space 33280K, 100% used [0x0000000795580000,0x0000000797600000,0x0000000797600000)
  from space 5120K, 38% used [0x0000000797600000,0x00000007977ec020,0x0000000797b00000)
  to   space 5120K, 0% used [0x0000000799b80000,0x0000000799b80000,0x000000079a080000)
 ParOldGen       total 87552K, used 30139K [0x0000000740000000, 0x0000000745580000, 0x0000000795580000)
  object space 87552K, 34% used [0x0000000740000000,0x0000000741d6ed30,0x0000000745580000)
 Metaspace       used 13745K, capacity 13940K, committed 14208K, reserved 1060864K
  class space    used 1751K, capacity 1843K, committed 1920K, reserved 1048576K
Event: 28.096 GC heap after
Heap after GC invocations=2 (full 0):
 PSYoungGen      total 37376K, used 3857K [0x0000000795580000, 0x0000000799f80000, 0x00000007c0000000)
  eden space 33280K, 0% used [0x0000000795580000,0x0000000795580000,0x0000000797600000)
  from space 4096K, 94% used [0x0000000799b80000,0x0000000799f444e0,0x0000000799f80000)
  to   space 5120K, 0% used [0x0000000799580000,0x0000000799580000,0x0000000799a80000)
 ParOldGen       total 87552K, used 60286K [0x0000000740000000, 0x0000000745580000, 0x0000000795580000)
  object space 87552K, 68% used [0x0000000740000000,0x0000000743adfa60,0x0000000745580000)
 Metaspace       used 13745K, capacity 13940K, committed 14208K, reserved 1060864K
  class space    used 1751K, capacity 1843K, committed 1920K, reserved 1048576K
}
Event: 28.096 GC heap before
{Heap before GC invocations=3 (full 1):
 PSYoungGen      total 37376K, used 3857K [0x0000000795580000, 0x0000000799f80000, 0x00000007c0000000)
  eden space 33280K, 0% used [0x0000000795580000,0x0000000795580000,0x0000000797600000)
  from space 4096K, 94% used [0x0000000799b80000,0x0000000799f444e0,0x0000000799f80000)
  to   space 5120K, 0% used [0x0000000799580000,0x0000000799580000,0x0000000799a80000)
 ParOldGen       total 87552K, used 60286K [0x0000000740000000, 0x0000000745580000, 0x0000000795580000)
  object space 87552K, 68% used [0x0000000740000000,0x0000000743adfa60,0x0000000745580000)
 Metaspace       used 13745K, capacity 13940K, committed 14208K, reserved 1060864K
  class space    used 1751K, capacity 1843K, committed 1920K, reserved 1048576K
Event: 28.118 GC heap after
Heap after GC invocations=3 (full 1):
 PSYoungGen      total 37376K, used 0K [0x0000000795580000, 0x0000000799f80000, 0x00000007c0000000)
  eden space 33280K, 0% used [0x0000000795580000,0x0000000795580000,0x0000000797600000)
  from space 4096K, 0% used [0x0000000799b80000,0x0000000799b80000,0x0000000799f80000)
  to   space 5120K, 0% used [0x0000000799580000,0x0000000799580000,0x0000000799a80000)
 ParOldGen       total 87552K, used 23857K [0x0000000740000000, 0x0000000745580000, 0x0000000795580000)
  object space 87552K, 27% used [0x0000000740000000,0x000000074174c7b8,0x0000000745580000)
 Metaspace       used 13745K, capacity 13940K, committed 14208K, reserved 1060864K
  class space    used 1751K, capacity 1843K, committed 1920K, reserved 1048576K
}
Event: 1042.047 GC heap before
{Heap before GC invocations=4 (full 1):
 PSYoungGen      total 37376K, used 33280K [0x0000000795580000, 0x0000000799f80000, 0x00000007c0000000)
  eden space 33280K, 100% used [0x0000000795580000,0x0000000797600000,0x0000000797600000)
  from space 4096K, 0% used [0x0000000799b80000,0x0000000799b80000,0x0000000799f80000)
  to   space 5120K, 0% used [0x0000000799580000,0x0000000799580000,0x0000000799a80000)
 ParOldGen       total 87552K, used 23857K [0x0000000740000000, 0x0000000745580000, 0x0000000795580000)
  object space 87552K, 27% used [0x0000000740000000,0x000000074174c7b8,0x0000000745580000)
 Metaspace       used 14319K, capacity 14522K, committed 14720K, reserved 1062912K
  class space    used 1766K, capacity 1844K, committed 1920K, reserved 1048576K
Event: 1042.049 GC heap after
Heap after GC invocations=4 (full 1):
 PSYoungGen      total 33792K, used 208K [0x0000000795580000, 0x0000000799c00000, 0x00000007c0000000)
  eden space 33280K, 0% used [0x0000000795580000,0x0000000795580000,0x0000000797600000)
  from space 512K, 40% used [0x0000000799580000,0x00000007995b4010,0x0000000799600000)
  to   space 5120K, 0% used [0x0000000799700000,0x0000000799700000,0x0000000799c00000)
 ParOldGen       total 87552K, used 23865K [0x0000000740000000, 0x0000000745580000, 0x0000000795580000)
  object space 87552K, 27% used [0x0000000740000000,0x000000074174e7b8,0x0000000745580000)
 Metaspace       used 14319K, capacity 14522K, committed 14720K, reserved 1062912K
  class space    used 1766K, capacity 1844K, committed 1920K, reserved 1048576K
}
Event: 87201.899 GC heap before
{Heap before GC invocations=5 (full 1):
 PSYoungGen      total 33792K, used 33488K [0x0000000795580000, 0x0000000799c00000, 0x00000007c0000000)
  eden space 33280K, 100% used [0x0000000795580000,0x0000000797600000,0x0000000797600000)
  from space 512K, 40% used [0x0000000799580000,0x00000007995b4010,0x0000000799600000)
  to   space 5120K, 0% used [0x0000000799700000,0x0000000799700000,0x0000000799c00000)
 ParOldGen       total 87552K, used 23865K [0x0000000740000000, 0x0000000745580000, 0x0000000795580000)
  object space 87552K, 27% used [0x0000000740000000,0x000000074174e7b8,0x0000000745580000)
 Metaspace       used 14635K, capacity 14906K, committed 15232K, reserved 1062912K
  class space    used 1770K, capacity 1844K, committed 1920K, reserved 1048576K
Event: 87201.925 GC heap after
Heap after GC invocations=5 (full 1):
 PSYoungGen      total 37376K, used 3868K [0x0000000795580000, 0x0000000799b00000, 0x00000007c0000000)
  eden space 33280K, 0% used [0x0000000795580000,0x0000000795580000,0x0000000797600000)
  from space 4096K, 94% used [0x0000000799700000,0x0000000799ac7220,0x0000000799b00000)
  to   space 5120K, 0% used [0x0000000799100000,0x0000000799100000,0x0000000799600000)
 ParOldGen       total 87552K, used 25680K [0x0000000740000000, 0x0000000745580000, 0x0000000795580000)
  object space 87552K, 29% used [0x0000000740000000,0x00000007419140c8,0x0000000745580000)
 Metaspace       used 14635K, capacity 14906K, committed 15232K, reserved 1062912K
  class space    used 1770K, capacity 1844K, committed 1920K, reserved 1048576K
}

Deoptimization events (10 events):
Event: 27979.225 Thread 0x00007f953a18e000 Uncommon trap: reason=unstable_if action=reinterpret pc=0x000000010fe59b04 method=sun.java2d.opengl.OGLRenderQueue$QueueFlusher.run()V @ 22
Event: 27979.340 Thread 0x00007f953a246000 Uncommon trap: reason=unstable_if action=reinterpret pc=0x000000010fe5e554 method=java.awt.EventQueue.getPriority(Ljava/awt/AWTEvent;)I @ 71
Event: 27979.516 Thread 0x00007f953a246000 Uncommon trap: reason=unstable_if action=reinterpret pc=0x000000010fdaad70 method=sun.java2d.pipe.Region.getIntersectionXYXY(IIII)Lsun/java2d/pipe/Region; @ 55
Event: 27979.537 Thread 0x00007f953a246000 Uncommon trap: reason=unstable_if action=reinterpret pc=0x000000010fd80d9c method=sun.java2d.pipe.Region.getIntersectionXYXY(IIII)Lsun/java2d/pipe/Region; @ 55
Event: 39423.163 Thread 0x00007f953a17a000 Uncommon trap: reason=unstable_if action=reinterpret pc=0x000000010fa142e8 method=sun.java2d.pipe.Region.clipScale(ID)I @ 3
Event: 39423.216 Thread 0x00007f953a246000 Uncommon trap: reason=unstable_if action=reinterpret pc=0x000000010fd95e98 method=java.awt.geom.AffineTransform.equals(Ljava/lang/Object;)Z @ 23
Event: 39423.248 Thread 0x00007f953a246000 Uncommon trap: reason=unstable_if action=reinterpret pc=0x000000010fd97cd4 method=sun.font.FileFontStrike.getCachedGlyphPtrInternal(I)J @ 99
Event: 39423.251 Thread 0x00007f953a246000 Uncommon trap: reason=unstable_if action=reinterpret pc=0x000000010fc656d8 method=sun.font.FileFontStrike.getCachedGlyphPtrInternal(I)J @ 99
Event: 39423.288 Thread 0x00007f953a246000 Uncommon trap: reason=unstable_if action=reinterpret pc=0x000000010fd69248 method=java.awt.geom.AffineTransform.updateState()V @ 6
Event: 87200.161 Thread 0x00007f953a246000 Uncommon trap: reason=unstable_if action=reinterpret pc=0x000000010fe2eb44 method=java.awt.geom.AffineTransform.translate(DD)V @ 500

Internal exceptions (10 events):
Event: 0.392 Thread 0x00007f953a008000 Exception <a 'java/lang/NoSuchFieldError': method resolution failed> (0x0000000795b8da68) thrown at [/Users/java_re/workspace/8-2-build-macosx-x86_64/jdk8u92/6642/hotspot/src/share/vm/prims/methodHandles.cpp, line 1146]
Event: 0.837 Thread 0x00007f953a008000 Exception <a 'java/io/FileNotFoundException'> (0x0000000795c0ff48) thrown at [/Users/java_re/workspace/8-2-build-macosx-x86_64/jdk8u92/6642/hotspot/src/share/vm/prims/jni.cpp, line 709]
Event: 0.837 Thread 0x00007f953a008000 Exception <a 'java/io/FileNotFoundException'> (0x0000000795c10a90) thrown at [/Users/java_re/workspace/8-2-build-macosx-x86_64/jdk8u92/6642/hotspot/src/share/vm/prims/jni.cpp, line 709]
Event: 1.007 Thread 0x00007f953a008000 Implicit null exception at 0x000000010f9636f5 to 0x000000010f963a65
Event: 1.008 Thread 0x00007f953a008000 Implicit null exception at 0x000000010f8f6e35 to 0x000000010f8f7191
Event: 1.025 Thread 0x00007f953a008000 Exception <a 'java/io/FileNotFoundException'> (0x0000000795ee9fa0) thrown at [/Users/java_re/workspace/8-2-build-macosx-x86_64/jdk8u92/6642/hotspot/src/share/vm/prims/jni.cpp, line 709]
Event: 7.496 Thread 0x00007f953a288000 Exception <a 'java/lang/NoClassDefFoundError': it/unimi/dsi/fastutil/ints/IntSet> (0x000000079754e140) thrown at [/Users/java_re/workspace/8-2-build-macosx-x86_64/jdk8u92/6642/hotspot/src/share/vm/classfile/systemDictionary.cpp, line 199]
Event: 28.119 Thread 0x00007f953a84b800 Exception <a 'java/lang/NullPointerException'> (0x000000079559d130) thrown at [/Users/java_re/workspace/8-2-build-macosx-x86_64/jdk8u92/6642/hotspot/src/share/vm/interpreter/linkResolver.cpp, line 1178]
Event: 39423.248 Thread 0x00007f953a246000 Implicit null exception at 0x000000010fd97972 to 0x000000010fd97c9d
Event: 39423.251 Thread 0x00007f953a246000 Implicit null exception at 0x000000010fc65542 to 0x000000010fc656c1

Events (10 events):
Event: 87200.463 loading class java/util/concurrent/Delayed done
Event: 87200.463 loading class javax/swing/TimerQueue$DelayedTimer done
Event: 87201.681 loading class javax/swing/Timer$1
Event: 87201.683 loading class javax/swing/Timer$1 done
Event: 87201.899 Executing VM operation: ParallelGCFailedAllocation
Event: 87201.925 Executing VM operation: ParallelGCFailedAllocation done
Event: 87201.926 Executing VM operation: RevokeBias
Event: 87201.927 Executing VM operation: RevokeBias done
Event: 87201.927 Executing VM operation: BulkRevokeBias
Event: 87201.929 Executing VM operation: BulkRevokeBias done


Dynamic libraries:
0x0000000009c00000 	/System/Library/Frameworks/Cocoa.framework/Versions/A/Cocoa
0x0000000009c00000 	/System/Library/Frameworks/Security.framework/Versions/A/Security
0x0000000009c00000 	/System/Library/Frameworks/ApplicationServices.framework/Versions/A/ApplicationServices
0x0000000009c00000 	/usr/lib/libz.1.dylib
0x0000000009c00000 	/usr/lib/libSystem.B.dylib
0x0000000009c00000 	/usr/lib/libobjc.A.dylib
0x0000000009c00000 	/System/Library/Frameworks/CoreFoundation.framework/Versions/A/CoreFoundation
0x0000000009c00000 	/System/Library/Frameworks/Foundation.framework/Versions/C/Foundation
0x0000000009c00000 	/System/Library/Frameworks/AppKit.framework/Versions/C/AppKit
0x0000000009c00000 	/System/Library/Frameworks/CoreData.framework/Versions/A/CoreData
0x0000000009c00000 	/System/Library/PrivateFrameworks/RemoteViewServices.framework/Versions/A/RemoteViewServices
0x0000000009c00000 	/System/Library/PrivateFrameworks/UIFoundation.framework/Versions/A/UIFoundation
0x0000000009c00000 	/usr/lib/libScreenReader.dylib
0x0000000009c00000 	/System/Library/Frameworks/Accelerate.framework/Versions/A/Accelerate
0x0000000009c00000 	/System/Library/Frameworks/IOSurface.framework/Versions/A/IOSurface
0x0000000009c00000 	/System/Library/Frameworks/AudioToolbox.framework/Versions/A/AudioToolbox
0x0000000009c00000 	/System/Library/Frameworks/AudioUnit.framework/Versions/A/AudioUnit
0x0000000009c00000 	/System/Library/PrivateFrameworks/DataDetectorsCore.framework/Versions/A/DataDetectorsCore
0x0000000009c00000 	/System/Library/PrivateFrameworks/DesktopServicesPriv.framework/Versions/A/DesktopServicesPriv
0x0000000009c00000 	/System/Library/Frameworks/Carbon.framework/Versions/A/Frameworks/HIToolbox.framework/Versions/A/HIToolbox
0x0000000009c00000 	/System/Library/Frameworks/QuartzCore.framework/Versions/A/QuartzCore
0x0000000009c00000 	/System/Library/Frameworks/Carbon.framework/Versions/A/Frameworks/SpeechRecognition.framework/Versions/A/SpeechRecognition
0x0000000009c00000 	/usr/lib/libauto.dylib
0x0000000009c00000 	/usr/lib/libicucore.A.dylib
0x0000000009c00000 	/usr/lib/libxml2.2.dylib
0x0000000009c00000 	/System/Library/PrivateFrameworks/CoreUI.framework/Versions/A/CoreUI
0x0000000009c00000 	/System/Library/Frameworks/CoreAudio.framework/Versions/A/CoreAudio
0x0000000009c00000 	/System/Library/Frameworks/DiskArbitration.framework/Versions/A/DiskArbitration
0x0000000009c00000 	/usr/lib/liblangid.dylib
0x0000000009c00000 	/System/Library/PrivateFrameworks/MultitouchSupport.framework/Versions/A/MultitouchSupport
0x0000000009c00000 	/System/Library/Frameworks/IOKit.framework/Versions/A/IOKit
0x0000000009c00000 	/usr/lib/libDiagnosticMessagesClient.dylib
0x0000000009c00000 	/System/Library/Frameworks/CoreServices.framework/Versions/A/CoreServices
0x0000000009c00000 	/System/Library/PrivateFrameworks/PerformanceAnalysis.framework/Versions/A/PerformanceAnalysis
0x0000000009c00000 	/System/Library/PrivateFrameworks/GenerationalStorage.framework/Versions/A/GenerationalStorage
0x0000000009c00000 	/System/Library/Frameworks/OpenGL.framework/Versions/A/OpenGL
0x0000000009c00000 	/System/Library/PrivateFrameworks/Sharing.framework/Versions/A/Sharing
0x0000000009c00000 	/System/Library/Frameworks/CoreGraphics.framework/Versions/A/CoreGraphics
0x0000000009c00000 	/System/Library/Frameworks/CoreImage.framework/Versions/A/CoreImage
0x0000000009c00000 	/System/Library/Frameworks/CoreText.framework/Versions/A/CoreText
0x0000000009c00000 	/System/Library/Frameworks/ImageIO.framework/Versions/A/ImageIO
0x0000000009c00000 	/System/Library/PrivateFrameworks/Backup.framework/Versions/A/Backup
0x0000000009c00000 	/usr/lib/libextension.dylib
0x0000000009c00000 	/usr/lib/libarchive.2.dylib
0x0000000009c00000 	/System/Library/Frameworks/CFNetwork.framework/Versions/A/CFNetwork
0x0000000009c00000 	/System/Library/Frameworks/SystemConfiguration.framework/Versions/A/SystemConfiguration
0x0000000009c00000 	/usr/lib/libCRFSuite.dylib
0x0000000009c00000 	/usr/lib/libc++.1.dylib
0x0000000009c00000 	/usr/lib/libc++abi.dylib
0x0000000009c00000 	/usr/lib/system/libcache.dylib
0x0000000009c00000 	/usr/lib/system/libcommonCrypto.dylib
0x0000000009c00000 	/usr/lib/system/libcompiler_rt.dylib
0x0000000009c00000 	/usr/lib/system/libcopyfile.dylib
0x0000000009c00000 	/usr/lib/system/libcorecrypto.dylib
0x0000000009c00000 	/usr/lib/system/libdispatch.dylib
0x0000000009c00000 	/usr/lib/system/libdyld.dylib
0x0000000009c00000 	/usr/lib/system/libkeymgr.dylib
0x0000000009c00000 	/usr/lib/system/liblaunch.dylib
0x0000000009c00000 	/usr/lib/system/libmacho.dylib
0x0000000009c00000 	/usr/lib/system/libquarantine.dylib
0x0000000009c00000 	/usr/lib/system/libremovefile.dylib
0x0000000009c00000 	/usr/lib/system/libsystem_asl.dylib
0x0000000009c00000 	/usr/lib/system/libsystem_blocks.dylib
0x0000000009c00000 	/usr/lib/system/libsystem_c.dylib
0x0000000009c00000 	/usr/lib/system/libsystem_configuration.dylib
0x0000000009c00000 	/usr/lib/system/libsystem_coreservices.dylib
0x0000000009c00000 	/usr/lib/system/libsystem_coretls.dylib
0x0000000009c00000 	/usr/lib/system/libsystem_dnssd.dylib
0x0000000009c00000 	/usr/lib/system/libsystem_info.dylib
0x0000000009c00000 	/usr/lib/system/libsystem_kernel.dylib
0x0000000009c00000 	/usr/lib/system/libsystem_m.dylib
0x0000000009c00000 	/usr/lib/system/libsystem_malloc.dylib
0x0000000009c00000 	/usr/lib/system/libsystem_network.dylib
0x0000000009c00000 	/usr/lib/system/libsystem_networkextension.dylib
0x0000000009c00000 	/usr/lib/system/libsystem_notify.dylib
0x0000000009c00000 	/usr/lib/system/libsystem_platform.dylib
0x0000000009c00000 	/usr/lib/system/libsystem_pthread.dylib
0x0000000009c00000 	/usr/lib/system/libsystem_sandbox.dylib
0x0000000009c00000 	/usr/lib/system/libsystem_secinit.dylib
0x0000000009c00000 	/usr/lib/system/libsystem_trace.dylib
0x0000000009c00000 	/usr/lib/system/libunc.dylib
0x0000000009c00000 	/usr/lib/system/libunwind.dylib
0x0000000009c00000 	/usr/lib/system/libxpc.dylib
0x0000000009c00000 	/usr/lib/libenergytrace.dylib
0x0000000009c00000 	/usr/lib/libbsm.0.dylib
0x0000000009c00000 	/usr/lib/system/libkxld.dylib
0x0000000009c00000 	/usr/lib/libxar.1.dylib
0x0000000009c00000 	/usr/lib/libsqlite3.dylib
0x0000000009c00000 	/usr/lib/libpam.2.dylib
0x0000000009c00000 	/usr/lib/libOpenScriptingUtil.dylib
0x0000000009c00000 	/usr/lib/libbz2.1.0.dylib
0x0000000009c00000 	/usr/lib/liblzma.5.dylib
0x0000000009c00000 	/System/Library/Frameworks/CoreServices.framework/Versions/A/Frameworks/FSEvents.framework/Versions/A/FSEvents
0x0000000009c00000 	/System/Library/Frameworks/CoreServices.framework/Versions/A/Frameworks/CarbonCore.framework/Versions/A/CarbonCore
0x0000000009c00000 	/System/Library/Frameworks/CoreServices.framework/Versions/A/Frameworks/Metadata.framework/Versions/A/Metadata
0x0000000009c00000 	/System/Library/Frameworks/CoreServices.framework/Versions/A/Frameworks/OSServices.framework/Versions/A/OSServices
0x0000000009c00000 	/System/Library/Frameworks/CoreServices.framework/Versions/A/Frameworks/SearchKit.framework/Versions/A/SearchKit
0x0000000009c00000 	/System/Library/Frameworks/CoreServices.framework/Versions/A/Frameworks/AE.framework/Versions/A/AE
0x0000000009c00000 	/System/Library/Frameworks/CoreServices.framework/Versions/A/Frameworks/LaunchServices.framework/Versions/A/LaunchServices
0x0000000009c00000 	/System/Library/Frameworks/CoreServices.framework/Versions/A/Frameworks/DictionaryServices.framework/Versions/A/DictionaryServices
0x0000000009c00000 	/System/Library/Frameworks/CoreServices.framework/Versions/A/Frameworks/SharedFileList.framework/Versions/A/SharedFileList
0x0000000009c00000 	/System/Library/Frameworks/NetFS.framework/Versions/A/NetFS
0x0000000009c00000 	/System/Library/PrivateFrameworks/NetAuth.framework/Versions/A/NetAuth
0x0000000009c00000 	/System/Library/PrivateFrameworks/login.framework/Versions/A/Frameworks/loginsupport.framework/Versions/A/loginsupport
0x0000000009c00000 	/System/Library/PrivateFrameworks/TCC.framework/Versions/A/TCC
0x0000000009c00000 	/usr/lib/libmecabra.dylib
0x0000000009c00000 	/System/Library/Frameworks/ApplicationServices.framework/Versions/A/Frameworks/ATS.framework/Versions/A/ATS
0x0000000009c00000 	/System/Library/Frameworks/ApplicationServices.framework/Versions/A/Frameworks/ColorSync.framework/Versions/A/ColorSync
0x0000000009c00000 	/System/Library/Frameworks/ApplicationServices.framework/Versions/A/Frameworks/HIServices.framework/Versions/A/HIServices
0x0000000009c00000 	/System/Library/Frameworks/ApplicationServices.framework/Versions/A/Frameworks/LangAnalysis.framework/Versions/A/LangAnalysis
0x0000000009c00000 	/System/Library/Frameworks/ApplicationServices.framework/Versions/A/Frameworks/PrintCore.framework/Versions/A/PrintCore
0x0000000009c00000 	/System/Library/Frameworks/ApplicationServices.framework/Versions/A/Frameworks/QD.framework/Versions/A/QD
0x0000000009c00000 	/System/Library/Frameworks/ApplicationServices.framework/Versions/A/Frameworks/SpeechSynthesis.framework/Versions/A/SpeechSynthesis
0x0000000009c00000 	/System/Library/Frameworks/Metal.framework/Versions/A/Metal
0x0000000009c00000 	/System/Library/Frameworks/Accelerate.framework/Versions/A/Frameworks/vImage.framework/Versions/A/vImage
0x0000000009c00000 	/System/Library/Frameworks/Accelerate.framework/Versions/A/Frameworks/vecLib.framework/Versions/A/vecLib
0x0000000009c00000 	/System/Library/Frameworks/Accelerate.framework/Versions/A/Frameworks/vecLib.framework/Versions/A/libvDSP.dylib
0x0000000009c00000 	/System/Library/Frameworks/Accelerate.framework/Versions/A/Frameworks/vecLib.framework/Versions/A/libvMisc.dylib
0x0000000009c00000 	/System/Library/Frameworks/Accelerate.framework/Versions/A/Frameworks/vecLib.framework/Versions/A/libLAPACK.dylib
0x0000000009c00000 	/System/Library/Frameworks/Accelerate.framework/Versions/A/Frameworks/vecLib.framework/Versions/A/libBLAS.dylib
0x0000000009c00000 	/System/Library/Frameworks/Accelerate.framework/Versions/A/Frameworks/vecLib.framework/Versions/A/libLinearAlgebra.dylib
0x0000000009c00000 	/System/Library/Frameworks/Accelerate.framework/Versions/A/Frameworks/vecLib.framework/Versions/A/libSparseBLAS.dylib
0x0000000009c00000 	/System/Library/PrivateFrameworks/GPUCompiler.framework/libmetal_timestamp.dylib
0x0000000009c00000 	/System/Library/Frameworks/OpenGL.framework/Versions/A/Libraries/libCoreFSCache.dylib
0x0000000009c00000 	/System/Library/PrivateFrameworks/IOAccelerator.framework/Versions/A/IOAccelerator
0x0000000009c00000 	/System/Library/Frameworks/ApplicationServices.framework/Versions/A/Frameworks/ATS.framework/Versions/A/Resources/libFontParser.dylib
0x0000000009c00000 	/System/Library/Frameworks/ApplicationServices.framework/Versions/A/Frameworks/ATS.framework/Versions/A/Resources/libFontRegistry.dylib
0x0000000009c00000 	/System/Library/PrivateFrameworks/AppleVPA.framework/Versions/A/AppleVPA
0x0000000009c00000 	/System/Library/PrivateFrameworks/AppleJPEG.framework/Versions/A/AppleJPEG
0x0000000009c00000 	/System/Library/Frameworks/ImageIO.framework/Versions/A/Resources/libJPEG.dylib
0x0000000009c00000 	/System/Library/Frameworks/ImageIO.framework/Versions/A/Resources/libTIFF.dylib
0x0000000009c00000 	/System/Library/Frameworks/ImageIO.framework/Versions/A/Resources/libPng.dylib
0x0000000009c00000 	/System/Library/Frameworks/ImageIO.framework/Versions/A/Resources/libGIF.dylib
0x0000000009c00000 	/System/Library/Frameworks/ImageIO.framework/Versions/A/Resources/libJP2.dylib
0x0000000009c00000 	/System/Library/Frameworks/ImageIO.framework/Versions/A/Resources/libRadiance.dylib
0x0000000009c00000 	/System/Library/Frameworks/CoreVideo.framework/Versions/A/CoreVideo
0x0000000009c00000 	/System/Library/Frameworks/OpenGL.framework/Versions/A/Libraries/libGLU.dylib
0x0000000009c00000 	/System/Library/Frameworks/OpenGL.framework/Versions/A/Libraries/libGFXShared.dylib
0x0000000009c00000 	/System/Library/Frameworks/OpenGL.framework/Versions/A/Libraries/libGL.dylib
0x0000000009c00000 	/System/Library/Frameworks/OpenGL.framework/Versions/A/Libraries/libGLImage.dylib
0x0000000009c00000 	/System/Library/Frameworks/OpenGL.framework/Versions/A/Libraries/libCVMSPluginSupport.dylib
0x0000000009c00000 	/System/Library/Frameworks/OpenGL.framework/Versions/A/Libraries/libCoreVMClient.dylib
0x0000000009c00000 	/usr/lib/libcompression.dylib
0x0000000009c00000 	/usr/lib/libcups.2.dylib
0x0000000009c00000 	/System/Library/Frameworks/Kerberos.framework/Versions/A/Kerberos
0x0000000009c00000 	/System/Library/Frameworks/GSS.framework/Versions/A/GSS
0x0000000009c00000 	/usr/lib/libresolv.9.dylib
0x0000000009c00000 	/usr/lib/libiconv.2.dylib
0x0000000009c00000 	/System/Library/PrivateFrameworks/Heimdal.framework/Versions/A/Heimdal
0x0000000009c00000 	/usr/lib/libheimdal-asn1.dylib
0x0000000009c00000 	/System/Library/Frameworks/OpenDirectory.framework/Versions/A/OpenDirectory
0x0000000009c00000 	/System/Library/PrivateFrameworks/CommonAuth.framework/Versions/A/CommonAuth
0x0000000009c00000 	/System/Library/Frameworks/OpenDirectory.framework/Versions/A/Frameworks/CFOpenDirectory.framework/Versions/A/CFOpenDirectory
0x0000000009c00000 	/System/Library/Frameworks/SecurityFoundation.framework/Versions/A/SecurityFoundation
0x0000000009c00000 	/System/Library/PrivateFrameworks/LanguageModeling.framework/Versions/A/LanguageModeling
0x0000000009c00000 	/usr/lib/libmarisa.dylib
0x0000000009c00000 	/usr/lib/libChineseTokenizer.dylib
0x0000000009c00000 	/usr/lib/libcmph.dylib
0x0000000009c00000 	/System/Library/Frameworks/ServiceManagement.framework/Versions/A/ServiceManagement
0x0000000009c00000 	/usr/lib/libxslt.1.dylib
0x0000000009c00000 	/System/Library/Frameworks/Carbon.framework/Versions/A/Frameworks/Ink.framework/Versions/A/Ink
0x0000000009c00000 	/usr/lib/libFosl_dynamic.dylib
0x0000000009c00000 	/System/Library/PrivateFrameworks/FaceCore.framework/Versions/A/FaceCore
0x0000000009c00000 	/System/Library/Frameworks/OpenCL.framework/Versions/A/OpenCL
0x0000000009c00000 	/System/Library/PrivateFrameworks/CrashReporterSupport.framework/Versions/A/CrashReporterSupport
0x0000000009c00000 	/System/Library/PrivateFrameworks/IconServices.framework/Versions/A/IconServices
0x0000000009c00000 	/System/Library/PrivateFrameworks/Apple80211.framework/Versions/A/Apple80211
0x0000000009c00000 	/System/Library/Frameworks/CoreWLAN.framework/Versions/A/CoreWLAN
0x0000000009c00000 	/System/Library/Frameworks/IOBluetooth.framework/Versions/A/IOBluetooth
0x0000000009c00000 	/System/Library/PrivateFrameworks/CoreWiFi.framework/Versions/A/CoreWiFi
0x0000000009c00000 	/System/Library/Frameworks/CoreBluetooth.framework/Versions/A/CoreBluetooth
0x0000000009c00000 	/System/Library/PrivateFrameworks/ChunkingLibrary.framework/Versions/A/ChunkingLibrary
0x0000000009c00000 	/System/Library/PrivateFrameworks/DebugSymbols.framework/Versions/A/DebugSymbols
0x0000000009c00000 	/System/Library/PrivateFrameworks/CoreSymbolication.framework/Versions/A/CoreSymbolication
0x0000000009c00000 	/System/Library/PrivateFrameworks/Symbolication.framework/Versions/A/Symbolication
0x0000000009c00000 	/System/Library/PrivateFrameworks/SpeechRecognitionCore.framework/Versions/A/SpeechRecognitionCore
0x000000010e800000 	/Library/Java/JavaVirtualMachines/jdk1.8.0_92.jdk/Contents/Home/jre/lib/server/libjvm.dylib
0x0000000009c00000 	/usr/lib/libstdc++.6.dylib
0x000000010de84000 	/Library/Java/JavaVirtualMachines/jdk1.8.0_92.jdk/Contents/Home/jre/lib/libverify.dylib
0x000000010de92000 	/Library/Java/JavaVirtualMachines/jdk1.8.0_92.jdk/Contents/Home/jre/lib/libjava.dylib
0x000000010ded1000 	/Library/Java/JavaVirtualMachines/jdk1.8.0_92.jdk/Contents/Home/jre/lib/libzip.dylib
0x0000000124fd8000 	/System/Library/Frameworks/JavaVM.framework/Frameworks/JavaRuntimeSupport.framework/JavaRuntimeSupport
0x0000000124ff3000 	/System/Library/Frameworks/JavaVM.framework/Versions/A/Frameworks/JavaNativeFoundation.framework/Versions/A/JavaNativeFoundation
0x0000000125008000 	/System/Library/Frameworks/JavaVM.framework/Versions/A/JavaVM
0x0000000009c00000 	/System/Library/Frameworks/Carbon.framework/Versions/A/Carbon
0x0000000125015000 	/System/Library/PrivateFrameworks/JavaLaunching.framework/Versions/A/JavaLaunching
0x0000000009c00000 	/System/Library/Frameworks/Carbon.framework/Versions/A/Frameworks/CommonPanels.framework/Versions/A/CommonPanels
0x0000000009c00000 	/System/Library/Frameworks/Carbon.framework/Versions/A/Frameworks/Help.framework/Versions/A/Help
0x0000000009c00000 	/System/Library/Frameworks/Carbon.framework/Versions/A/Frameworks/ImageCapture.framework/Versions/A/ImageCapture
0x0000000009c00000 	/System/Library/Frameworks/Carbon.framework/Versions/A/Frameworks/OpenScripting.framework/Versions/A/OpenScripting
0x0000000009c00000 	/System/Library/Frameworks/Carbon.framework/Versions/A/Frameworks/Print.framework/Versions/A/Print
0x0000000009c00000 	/System/Library/Frameworks/Carbon.framework/Versions/A/Frameworks/SecurityHI.framework/Versions/A/SecurityHI
0x0000000126936000 	/Library/Java/JavaVirtualMachines/jdk1.8.0_92.jdk/Contents/Home/jre/lib/libawt.dylib
0x00000001269de000 	/Library/Java/JavaVirtualMachines/jdk1.8.0_92.jdk/Contents/Home/jre/lib/./libmlib_image.dylib
0x0000000126aaa000 	/Library/Java/JavaVirtualMachines/jdk1.8.0_92.jdk/Contents/Home/jre/lib/libawt_lwawt.dylib
0x0000000126b5f000 	/Library/Java/JavaVirtualMachines/jdk1.8.0_92.jdk/Contents/Home/jre/lib/./libosxapp.dylib
0x0000000009c00000 	/System/Library/Frameworks/ExceptionHandling.framework/Versions/A/ExceptionHandling
0x0000000009c00000 	/System/Library/PrivateFrameworks/CoreServicesInternal.framework/Versions/A/CoreServicesInternal
0x0000000009c00000 	/System/Library/Frameworks/CoreGraphics.framework/Versions/A/Resources/libRIP.A.dylib
0x0000000009c00000 	/System/Library/Frameworks/Accelerate.framework/Versions/A/Frameworks/vImage.framework/Versions/A/Libraries/libCGInterfaces.dylib
0x0000000009c00000 	/System/Library/Frameworks/CoreGraphics.framework/Versions/A/Resources/libCGXType.A.dylib
0x0000000009c00000 	/System/Library/Frameworks/OpenCL.framework/Versions/A/Libraries/libcldcpuengine.dylib
0x0000000009c00000 	/System/Library/PrivateFrameworks/DiskImages.framework/Versions/A/DiskImages
0x0000000009c00000 	/System/Library/Frameworks/DiscRecording.framework/Versions/A/DiscRecording
0x0000000009c00000 	/usr/lib/libcsfde.dylib
0x0000000009c00000 	/usr/lib/libcurl.4.dylib
0x0000000009c00000 	/System/Library/PrivateFrameworks/MediaKit.framework/Versions/A/MediaKit
0x0000000009c00000 	/System/Library/PrivateFrameworks/ProtectedCloudStorage.framework/Versions/A/ProtectedCloudStorage
0x0000000009c00000 	/usr/lib/libCoreStorage.dylib
0x0000000009c00000 	/System/Library/PrivateFrameworks/EFILogin.framework/Versions/A/EFILogin
0x0000000009c00000 	/usr/lib/libutil.dylib
0x0000000009c00000 	/System/Library/PrivateFrameworks/FindMyDevice.framework/Versions/A/FindMyDevice
0x0000000009c00000 	/System/Library/Frameworks/LDAP.framework/Versions/A/LDAP
0x0000000009c00000 	/usr/lib/libsasl2.2.dylib
0x0000000009c00000 	/System/Library/PrivateFrameworks/CoreDaemon.framework/Versions/B/CoreDaemon
0x0000000009c00000 	/usr/lib/libcrypto.0.9.8.dylib
0x0000000009c00000 	/System/Library/PrivateFrameworks/AppleSRP.framework/Versions/A/AppleSRP
0x0000000009c00000 	/System/Library/PrivateFrameworks/TrustEvaluationAgent.framework/Versions/A/TrustEvaluationAgent
0x0000000128ad2000 	cl_kernels
0x0000000009c00000 	/System/Library/Frameworks/OpenCL.framework/Versions/A/Libraries/ImageFormats/unorm8_bgra.dylib
0x0000000009c00000 	/System/Library/Frameworks/OpenCL.framework/Versions/A/Libraries/ImageFormats/unorm8_rgba.dylib
0x0000000009c00000 	/System/Library/PrivateFrameworks/FamilyControls.framework/Versions/A/FamilyControls
0x0000000009c00000 	/System/Library/PrivateFrameworks/CommerceKit.framework/Versions/A/Frameworks/CommerceCore.framework/Versions/A/CommerceCore
0x0000000009c00000 	/System/Library/PrivateFrameworks/SystemAdministration.framework/Versions/A/SystemAdministration
0x0000000009c00000 	/System/Library/PrivateFrameworks/AppContainer.framework/Versions/A/AppContainer
0x0000000009c00000 	/System/Library/PrivateFrameworks/SecCodeWrapper.framework/Versions/A/SecCodeWrapper
0x0000000009c00000 	/System/Library/Frameworks/DirectoryService.framework/Versions/A/DirectoryService
0x0000000009c00000 	/System/Library/PrivateFrameworks/LoginUIKit.framework/Versions/A/Frameworks/LoginUICore.framework/Versions/A/LoginUICore
0x0000000009c00000 	/usr/lib/libodfde.dylib
0x0000000009c00000 	/System/Library/Frameworks/OpenGL.framework/Versions/A/Resources/GLEngine.bundle/GLEngine
0x0000000009c00000 	/System/Library/Frameworks/OpenGL.framework/Versions/A/Libraries/libGLProgrammability.dylib
0x0000000129bad000 	/System/Library/Extensions/AppleIntelBDWGraphicsGLDriver.bundle/Contents/MacOS/AppleIntelBDWGraphicsGLDriver
0x0000000009c00000 	/System/Library/PrivateFrameworks/GPUSupport.framework/Versions/A/Libraries/libGPUSupportMercury.dylib
0x0000000009c00000 	/System/Library/Frameworks/OpenGL.framework/Versions/A/Resources/GLRendererFloat.bundle/GLRendererFloat
0x000000012ab12000 	/Library/Java/JavaVirtualMachines/jdk1.8.0_92.jdk/Contents/Home/jre/lib/libfontmanager.dylib
0x000000012ab79000 	/Library/Java/JavaVirtualMachines/jdk1.8.0_92.jdk/Contents/Home/jre/lib/libosxui.dylib
0x000000012b5c4000 	/Library/Java/JavaVirtualMachines/jdk1.8.0_92.jdk/Contents/Home/jre/lib/libjpeg.dylib
0x000000012b5f1000 	/Library/Java/JavaVirtualMachines/jdk1.8.0_92.jdk/Contents/Home/jre/lib/libnio.dylib
0x000000012b601000 	/Library/Java/JavaVirtualMachines/jdk1.8.0_92.jdk/Contents/Home/jre/lib/./libnet.dylib
0x000000012babb000 	/Library/Java/JavaVirtualMachines/jdk1.8.0_92.jdk/Contents/Home/jre/lib/libt2k.dylib
0x00000001314f5000 	/System/Library/Extensions/AppleIntelBDWGraphicsMTLDriver.bundle/Contents/MacOS/AppleIntelBDWGraphicsMTLDriver
0x0000000009c00000 	/System/Library/Frameworks/ApplicationServices.framework/Versions/A/Frameworks/ATS.framework/Versions/A/Resources/libTrueTypeScaler.dylib

VM Arguments:
java_command: org.vitb.Main
java_class_path (initial): :/Users/lhogie/dev/workspaces/general/DesignPatterns-TP1/bin:/Users/lhogie/dev/workspaces/general/ECJ/bin:/Users/lhogie/dev/workspaces/general/FlorianSikora/bin:/Users/lhogie/dev/workspaces/general/Google-KShortestPath/bin:/Users/lhogie/dev/workspaces/general/LucSwingTerminal/bin:/Users/lhogie/dev/workspaces/general/MobileAgentsInfrastructure/bin:/Users/lhogie/dev/workspaces/general/PingPongMetronome/bin:/Users/lhogie/dev/workspaces/general/Rusciprotofroja/bin:/Users/lhogie/dev/workspaces/general/Test/bin:/Users/lhogie/dev/workspaces/general/VinylsInTheBox/bin:/Users/lhogie/dev/workspaces/general/bigGrph/bin:/Users/lhogie/dev/workspaces/general/bigGrph.tests/bin:/Users/lhogie/dev/workspaces/general/biggrph.examples/bin:/Users/lhogie/dev/workspaces/general/ca/bin:/Users/lhogie/dev/workspaces/general/client-server/bin:/Users/lhogie/dev/workspaces/general/contact/bin:/Users/lhogie/dev/workspaces/general/dependencies/bin:/Users/lhogie/dev/workspaces/general/drmsim-brite/bin:/Users/lhogie/dev/workspaces/general/fastutil/bin:/Users/lhogie/dev/workspaces/general/grph/bin:/Users/lhogie/dev/workspaces/general/grph64/bin:/Users/lhogie/dev/workspaces/general/hppcMap/bin:/Users/lhogie/dev/workspaces/general/i3s-path-planning-online-service/bin:/Users/lhogie/dev/workspaces/general/jExperiment/bin:/Users/lhogie/dev/workspaces/general/jacaboo/bin:/Users/lhogie/dev/workspaces/general/jacaboo.tests/bin:/Users/lhogie/dev/workspaces/general/jalinopt/bin:/Users/lhogie/dev/workspaces/general/jaseto/bin:/Users/lhogie/dev/workspaces/general/java4unix/bin:/Users/lhogie/dev/workspaces/general/ldjo/bin:/Users/lhogie/dev/workspaces/general/ldjo.tests/bin:/Users/lhogie/dev/workspaces/general/lmu/bin:/Users/lhogie/dev/workspaces/general/lmu.eclipseplugin/bin:/Users/lhogie/dev/workspaces/general/miapita/bin:/Users/lhogie/dev/workspaces/general/minidese/bin:/Users/lhogie/dev/workspaces/general/mpi4lectures/bin:/Users/lhogie/dev/workspaces/general/octojus/bin:/Users/lh
Launcher Type: SUN_STANDARD

Environment Variables:
JAVA_HOME=/Library/Java/JavaVirtualMachines/jdk1.8.0_92.jdk/Contents/Home
PATH=/opt/local/bin:/opt/local/bin:/opt/local/sbin:/opt/local/bin:/opt/local/sbin:/opt/local/bin:/opt/local/sbin:/opt/local/bin:/opt/local/sbin:/opt/local/bin:/opt/local/sbin:/usr/local/bin:/usr/bin:/bin:/usr/sbin:/sbin:/opt/X11/bin:/Users/lhogie/bin:/Users/lhogie/bin/apache-maven-3.3.3:/Users/lhogie/bin/apache-maven-3.3.3/bin:/Users/lhogie/bin/apache-maven-3.3.3/boot:/Users/lhogie/bin/apache-maven-3.3.3/conf:/Users/lhogie/bin/apache-maven-3.3.3/conf/logging:/Users/lhogie/bin/apache-maven-3.3.3/lib:/Users/lhogie/bin/apache-maven-3.3.3/lib/ext:/Users/lhogie/bin/scripts:/Users/lhogie/bin/scripts/cloud:/Users/lhogie/bin/scripts/graphics:/Users/lhogie/bin/scripts/graphics/video:/Users/lhogie/bin/scripts/mirror:/Users/lhogie/bin/scripts/music::/Users/lhogie/.miapita/bin:/Users/lhogie/.java4unix/bin:/Users/lhogie/.drmsim/bin:/Users/lhogie/.lmu/bin:/Users/lhogie/.fff/bin:/Users/lhogie/.grph/bin:/Users/lhogie/.lucci/bin:/Users/lhogie/.javafarm/bin
SHELL=/bin/bash
DISPLAY=/private/tmp/com.apple.launchd.l299o1OWg1/org.macosforge.xquartz:0

Signal Handlers:
SIGSEGV: [libjvm.dylib+0x5aa779], sa_mask[0]=11111111011111110111111111111111, sa_flags=SA_ONSTACK|SA_RESTART|SA_SIGINFO
SIGBUS: [libjvm.dylib+0x5aa779], sa_mask[0]=11111111011111110111111111111111, sa_flags=SA_RESTART|SA_SIGINFO
SIGFPE: [libjvm.dylib+0x4831d0], sa_mask[0]=11111111011111110111111111111111, sa_flags=SA_RESTART|SA_SIGINFO
SIGPIPE: [libjvm.dylib+0x4831d0], sa_mask[0]=11111111011111110111111111111111, sa_flags=SA_RESTART|SA_SIGINFO
SIGXFSZ: [libjvm.dylib+0x4831d0], sa_mask[0]=11111111011111110111111111111111, sa_flags=SA_RESTART|SA_SIGINFO
SIGILL: [libjvm.dylib+0x4831d0], sa_mask[0]=11111111011111110111111111111111, sa_flags=SA_RESTART|SA_SIGINFO
SIGUSR1: SIG_DFL, sa_mask[0]=11011111011111100000000111000110, sa_flags=none
SIGUSR2: [libjvm.dylib+0x482cee], sa_mask[0]=00000000000000000000000000000000, sa_flags=SA_RESTART|SA_SIGINFO
SIGHUP: [libjvm.dylib+0x4812c5], sa_mask[0]=11111111011111110111111111111111, sa_flags=SA_RESTART|SA_SIGINFO
SIGINT: [libjvm.dylib+0x4812c5], sa_mask[0]=11111111011111110111111111111111, sa_flags=SA_RESTART|SA_SIGINFO
SIGTERM: [libjvm.dylib+0x4812c5], sa_mask[0]=11111111011111110111111111111111, sa_flags=SA_RESTART|SA_SIGINFO
SIGQUIT: [libjvm.dylib+0x4812c5], sa_mask[0]=11111111011111110111111111111111, sa_flags=SA_RESTART|SA_SIGINFO


---------------  S Y S T E M  ---------------

OS:Bsduname:Darwin 15.6.0 Darwin Kernel Version 15.6.0: Sun Jun  4 21:43:07 PDT 2017; root:xnu-3248.70.3~1/RELEASE_X86_64 x86_64
rlimit: STACK 8192k, CORE 0k, NPROC 709, NOFILE 10240, AS infinity
load average:1.93 1.88 2.00

CPU:total 4 (2 cores per cpu, 2 threads per core) family 6 model 61 stepping 4, cmov, cx8, fxsr, mmx, sse, sse2, sse3, ssse3, sse4.1, sse4.2, popcnt, avx, avx2, aes, clmul, erms, 3dnowpref, lzcnt, ht, tsc, tscinvbit, bmi1, bmi2, adx

Memory: 4k page, physical 8388608k(178360k free)

/proc/meminfo:


vm_info: Java HotSpot(TM) 64-Bit Server VM (25.92-b14) for bsd-amd64 JRE (1.8.0_92-b14), built on Mar 31 2016 21:23:14 by "java_re" with gcc 4.2.1 (Based on Apple Inc. build 5658) (LLVM build 2336.11.00)

time: Tue Oct 10 16:29:17 2017
elapsed time: 87201 seconds (1d 0h 13m 21s)

