This is pdfTeX, Version 3.141592-1.40.3 (Web2C 7.5.6) (format=latex 2011.1.28)  28 JAN 2011 18:06
entering extended mode
**./images.tex
(./images.tex
LaTeX2e <2005/12/01>
Babel <v3.8h> and hyphenation patterns for english, usenglishmax, dumylang, noh
yphenation, arabic, basque, bulgarian, coptic, welsh, czech, slovak, german, ng
erman, danish, esperanto, spanish, catalan, galician, estonian, farsi, finnish,
 french, greek, monogreek, ancientgreek, croatian, hungarian, interlingua, ibyc
us, indonesian, icelandic, italian, latin, mongolian, dutch, norsk, polish, por
tuguese, pinyin, romanian, russian, slovenian, uppersorbian, serbian, swedish, 
turkish, ukenglish, ukrainian, loaded.

(/opt/local/share/texmf-dist/tex/latex/base/article.cls
Document Class: article 2005/09/16 v1.4f Standard LaTeX document class
(/opt/local/share/texmf-dist/tex/latex/base/size10.clo
File: size10.clo 2005/09/16 v1.4f Standard LaTeX file (size option)
)
\c@part=\count79
\c@section=\count80
\c@subsection=\count81
\c@subsubsection=\count82
\c@paragraph=\count83
\c@subparagraph=\count84
\c@figure=\count85
\c@table=\count86
\abovecaptionskip=\skip41
\belowcaptionskip=\skip42
\bibindent=\dimen102
) (/opt/local/share/texmf-dist/tex/latex/base/ifthen.sty
Package: ifthen 2001/05/26 v1.1c Standard LaTeX ifthen package (DPC)
) (/opt/local/share/texmf-dist/tex/latex/tools/xspace.sty
Package: xspace 2006/05/08 v1.12 Space after command names (DPC,MH)
) (/opt/local/share/texmf-local/tex/latex/html/url.sty
Package: url 1999/03/02  ver 1.4  Verb mode for urls, email addresses, and file
 names
) (/opt/local/share/texmf-dist/tex/latex/listings/listings.sty (/opt/local/shar
e/texmf-dist/tex/latex/graphics/keyval.sty
Package: keyval 1999/03/16 v1.13 key=value parser (DPC)
\KV@toks@=\toks14
)
\lst@mode=\count87
\lst@gtempboxa=\box26
\lst@token=\toks15
\lst@length=\count88
\lst@currlwidth=\dimen103
\lst@column=\count89
\lst@pos=\count90
\lst@lostspace=\dimen104
\lst@width=\dimen105
\lst@newlines=\count91
\lst@lineno=\count92
\c@lstlisting=\count93
\lst@maxwidth=\dimen106
(/opt/local/share/texmf-dist/tex/latex/listings/lstpatch.sty
File: lstpatch.sty 2004/10/17 1.3b (Carsten Heinz)
) (/opt/local/share/texmf-dist/tex/latex/listings/lstmisc.sty
File: lstmisc.sty 2004/09/07 1.3 (Carsten Heinz)
\c@lstnumber=\count94
\lst@skipnumbers=\count95
\lst@framebox=\box27
) (/opt/local/share/texmf-dist/tex/latex/listings/listings.cfg
File: listings.cfg 2004/09/05 1.3 listings configuration
))
Package: listings 2004/10/17 1.3b (Carsten Heinz)
(/opt/local/share/texmf-dist/tex/latex/graphics/color.sty
Package: color 2005/11/14 v1.0j Standard LaTeX Color (DPC)
(/opt/local/share/texmf/tex/latex/config/color.cfg
File: color.cfg 2007/01/18 v1.5 color configuration of teTeX/TeXLive
)
Package color Info: Driver file: dvips.def on input line 130.
(/opt/local/share/texmf-dist/tex/latex/graphics/dvips.def
File: dvips.def 1999/02/16 v3.0i Driver-dependant file (DPC,SPQR)
) (/opt/local/share/texmf-dist/tex/latex/graphics/dvipsnam.def
File: dvipsnam.def 1999/02/16 v3.0i Driver-dependant file (DPC,SPQR)
)) (/opt/local/share/texmf-dist/tex/latex/base/inputenc.sty
Package: inputenc 2006/05/05 v1.1b Input encoding file
\inpenc@prehook=\toks16
\inpenc@posthook=\toks17
(/opt/local/share/texmf-dist/tex/latex/base/latin1.def
File: latin1.def 2006/05/05 v1.1b Input encoding file
))
\sizebox=\box28
\lthtmlwrite=\write3
No file images.aux.
\openout1 = `images.aux'.

LaTeX Font Info:    Checking defaults for OML/cmm/m/it on input line 135.
LaTeX Font Info:    ... okay on input line 135.
LaTeX Font Info:    Checking defaults for T1/cmr/m/n on input line 135.
LaTeX Font Info:    ... okay on input line 135.
LaTeX Font Info:    Checking defaults for OT1/cmr/m/n on input line 135.
LaTeX Font Info:    ... okay on input line 135.
LaTeX Font Info:    Checking defaults for OMS/cmsy/m/n on input line 135.
LaTeX Font Info:    ... okay on input line 135.
LaTeX Font Info:    Checking defaults for OMX/cmex/m/n on input line 135.
LaTeX Font Info:    ... okay on input line 135.
LaTeX Font Info:    Checking defaults for U/cmr/m/n on input line 135.
LaTeX Font Info:    ... okay on input line 135.

latex2htmlLength hsize=349.0pt

latex2htmlLength vsize=633.0pt

latex2htmlLength hoffset=0.0pt

latex2htmlLength voffset=0.0pt

latex2htmlLength topmargin=0.0pt

latex2htmlLength topskip=0.00003pt

latex2htmlLength headheight=0.0pt

latex2htmlLength headsep=0.0pt

latex2htmlLength parskip=0.0pt plus 1.0pt

latex2htmlLength oddsidemargin=62.0pt

latex2htmlLength evensidemargin=62.0pt

l2hSize :lstlisting53:36.0pt::0.0pt::349.0pt.
[1



]
LaTeX Font Info:    External font `cmex10' loaded for size
(Font)              <7> on input line 185.
LaTeX Font Info:    External font `cmex10' loaded for size
(Font)              <5> on input line 185.
l2hSize :tex2html_wrap_inline245:7.44444pt::7.44444pt::15.12274pt.
[2


]
l2hSize :tex2html_wrap_inline247:6.95831pt::6.95831pt::8.67654pt.
[3


]
l2hSize :tex2html_wrap_inline249:6.95831pt::6.95831pt::9.56082pt.
[4


]
l2hSize :tex2html_wrap_inline251:8.0pt::8.0pt::17.54288pt.
[5


]
l2hSize :tex2html_wrap_inline253:6.45831pt::0.0pt::5.70604pt.
[6


]
l2hSize :tex2html_wrap_inline255:6.83331pt::0.0pt::8.36252pt.
[7


]
l2hSize :tex2html_wrap_inline259:6.45831pt::0.0pt::6.22461pt.
[8


]
l2hSize :tex2html_wrap_inline263:8.0pt::8.0pt::60.49324pt.
[9


]
l2hSize :tex2html_wrap_inline265:8.0pt::8.0pt::23.65283pt.
[10


]
l2hSize :tex2html_wrap_inline267:8.0pt::8.0pt::28.8577pt.
[11


]
l2hSize :tex2html_wrap_inline269:8.0pt::8.0pt::29.95955pt.
[12


]
l2hSize :lstlisting119:420.0pt::0.0pt::349.0pt.
[13


]
LaTeX Font Info:    Try loading font information for OML+cmr on input line 330.

(/opt/local/share/texmf-dist/tex/latex/base/omlcmr.fd
File: omlcmr.fd 1999/05/25 v2.5h Standard LaTeX font definitions
)
LaTeX Font Info:    Font shape `OML/cmr/m/n' in size <10> not available
(Font)              Font shape `OML/cmm/m/it' tried instead on input line 330.
l2hSize :lstlisting122:156.0pt::0.0pt::349.0pt.
[14


]
l2hSize :tex2html_wrap_inline275:6.95831pt::6.95831pt::8.27783pt.
[15


]
l2hSize :tex2html_wrap_inline277:6.95831pt::6.95831pt::46.42827pt.
[16


]
l2hSize :tex2html_wrap_inline279:6.94444pt::0.0pt::9.15002pt.
[17


]
l2hSize :tex2html_wrap_inline281:6.45831pt::0.0pt::5.50005pt.
[18


]
l2hSize :tex2html_wrap_inline283:8.14003pt::0.0pt::9.98618pt.
[19


]
l2hSize :tex2html_wrap_inline285:8.14003pt::0.0pt::14.98619pt.
[20


]
l2hSize :lstlisting152:24.0pt::0.0pt::349.0pt.
[21


]
l2hSize :lstlisting155:24.0pt::0.0pt::349.0pt.
[22


]
l2hSize :lstlisting158:24.0pt::0.0pt::349.0pt.
[23


] (./images.aux) ) 
Here is how much of TeX's memory you used:
 2325 strings out of 94074
 30743 string characters out of 1164820
 88015 words of memory out of 1500000
 5649 multiletter control sequences out of 10000+50000
 3640 words of font info for 14 fonts, out of 1200000 for 2000
 645 hyphenation exceptions out of 8191
 26i,5n,32p,167b,1257s stack positions out of 5000i,500n,6000p,200000b,5000s

Output written on images.dvi (23 pages, 8448 bytes).
